2023-10-08 13:47:47.380 [info] Log level: Info
2023-10-08 13:47:47.380 [info] Validating found git in: "git"
2023-10-08 13:47:47.380 [info] Using git "2.42.0" from "git"
2023-10-08 13:47:47.380 [info] > git rev-parse --show-toplevel [89ms]
2023-10-08 13:47:47.380 [info] > git rev-parse --git-dir --git-common-dir [2ms]
2023-10-08 13:47:47.380 [info] Open repository: /mnt/code
2023-10-08 13:47:47.380 [info] > git rev-parse --show-toplevel [6ms]
2023-10-08 13:47:47.380 [info] > git config --get commit.template [5ms]
2023-10-08 13:47:47.380 [info] > git for-each-ref --format=%(refname)%00%(upstream:short)%00%(objectname)%00%(upstream:track)%00%(upstream:remotename)%00%(upstream:remoteref) refs/heads/main refs/remotes/main [105ms]
2023-10-08 13:47:47.380 [info] > git status -z -uall [9ms]
2023-10-08 13:47:47.380 [info] > git for-each-ref --sort -committerdate --format %(refname) %(objectname) %(*objectname) [2ms]
2023-10-08 13:47:47.380 [info] > git config --get commit.template [7ms]
2023-10-08 13:47:47.380 [info] > git for-each-ref --format=%(refname)%00%(upstream:short)%00%(objectname)%00%(upstream:track)%00%(upstream:remotename)%00%(upstream:remoteref) refs/heads/main refs/remotes/main [98ms]
2023-10-08 13:47:47.380 [info] > git status -z -uall [7ms]
2023-10-08 13:47:47.381 [info] > git for-each-ref --sort -committerdate --format %(refname) %(objectname) %(*objectname) [2ms]
2023-10-08 13:47:50.918 [info] > git config --get commit.template [6ms]
2023-10-08 13:47:50.919 [info] > git for-each-ref --format=%(refname)%00%(upstream:short)%00%(objectname)%00%(upstream:track)%00%(upstream:remotename)%00%(upstream:remoteref) refs/heads/main refs/remotes/main [2ms]
2023-10-08 13:47:50.930 [info] > git status -z -uall [7ms]
2023-10-08 13:47:50.930 [info] > git for-each-ref --sort -committerdate --format %(refname) %(objectname) %(*objectname) [1ms]
2023-10-08 13:47:54.594 [info] > git check-ignore -v -z --stdin [1ms]
2023-10-08 13:47:55.950 [info] > git for-each-ref --format=%(refname)%00%(upstream:short)%00%(objectname)%00%(upstream:track)%00%(upstream:remotename)%00%(upstream:remoteref) refs/heads/main refs/remotes/main [3ms]
2023-10-08 13:47:55.950 [info] > git config --get commit.template [10ms]
2023-10-08 13:47:55.963 [info] > git status -z -uall [6ms]
2023-10-08 13:47:55.964 [info] > git for-each-ref --sort -committerdate --format %(refname) %(objectname) %(*objectname) [2ms]
2023-10-08 13:48:00.978 [info] > git config --get commit.template [6ms]
2023-10-08 13:48:00.979 [info] > git for-each-ref --format=%(refname)%00%(upstream:short)%00%(objectname)%00%(upstream:track)%00%(upstream:remotename)%00%(upstream:remoteref) refs/heads/main refs/remotes/main [1ms]
2023-10-08 13:48:00.990 [info] > git status -z -uall [6ms]
2023-10-08 13:48:00.991 [info] > git for-each-ref --sort -committerdate --format %(refname) %(objectname) %(*objectname) [2ms]
2023-10-08 13:48:06.006 [info] > git config --get commit.template [6ms]
2023-10-08 13:48:06.007 [info] > git for-each-ref --format=%(refname)%00%(upstream:short)%00%(objectname)%00%(upstream:track)%00%(upstream:remotename)%00%(upstream:remoteref) refs/heads/main refs/remotes/main [1ms]
2023-10-08 13:48:06.018 [info] > git status -z -uall [6ms]
2023-10-08 13:48:06.019 [info] > git for-each-ref --sort -committerdate --format %(refname) %(objectname) %(*objectname) [1ms]
2023-10-08 13:48:11.034 [info] > git config --get commit.template [6ms]
2023-10-08 13:48:11.034 [info] > git for-each-ref --format=%(refname)%00%(upstream:short)%00%(objectname)%00%(upstream:track)%00%(upstream:remotename)%00%(upstream:remoteref) refs/heads/main refs/remotes/main [1ms]
2023-10-08 13:48:11.045 [info] > git status -z -uall [6ms]
2023-10-08 13:48:11.046 [info] > git for-each-ref --sort -committerdate --format %(refname) %(objectname) %(*objectname) [1ms]
2023-10-08 13:48:16.062 [info] > git config --get commit.template [6ms]
2023-10-08 13:48:16.063 [info] > git for-each-ref --format=%(refname)%00%(upstream:short)%00%(objectname)%00%(upstream:track)%00%(upstream:remotename)%00%(upstream:remoteref) refs/heads/main refs/remotes/main [2ms]
2023-10-08 13:48:16.073 [info] > git status -z -uall [5ms]
2023-10-08 13:48:16.074 [info] > git for-each-ref --sort -committerdate --format %(refname) %(objectname) %(*objectname) [1ms]
2023-10-08 13:48:21.090 [info] > git config --get commit.template [7ms]
2023-10-08 13:48:21.091 [info] > git for-each-ref --format=%(refname)%00%(upstream:short)%00%(objectname)%00%(upstream:track)%00%(upstream:remotename)%00%(upstream:remoteref) refs/heads/main refs/remotes/main [1ms]
2023-10-08 13:48:21.102 [info] > git status -z -uall [7ms]
2023-10-08 13:48:21.103 [info] > git for-each-ref --sort -committerdate --format %(refname) %(objectname) %(*objectname) [2ms]
2023-10-08 13:48:26.120 [info] > git config --get commit.template [7ms]
2023-10-08 13:48:26.120 [info] > git for-each-ref --format=%(refname)%00%(upstream:short)%00%(objectname)%00%(upstream:track)%00%(upstream:remotename)%00%(upstream:remoteref) refs/heads/main refs/remotes/main [1ms]
2023-10-08 13:48:26.131 [info] > git status -z -uall [6ms]
2023-10-08 13:48:26.132 [info] > git for-each-ref --sort -committerdate --format %(refname) %(objectname) %(*objectname) [1ms]
2023-10-08 13:48:31.148 [info] > git config --get commit.template [7ms]
2023-10-08 13:48:31.150 [info] > git for-each-ref --format=%(refname)%00%(upstream:short)%00%(objectname)%00%(upstream:track)%00%(upstream:remotename)%00%(upstream:remoteref) refs/heads/main refs/remotes/main [3ms]
2023-10-08 13:48:31.161 [info] > git status -z -uall [6ms]
2023-10-08 13:48:31.163 [info] > git for-each-ref --sort -committerdate --format %(refname) %(objectname) %(*objectname) [2ms]
2023-10-08 13:48:36.178 [info] > git config --get commit.template [6ms]
2023-10-08 13:48:36.179 [info] > git for-each-ref --format=%(refname)%00%(upstream:short)%00%(objectname)%00%(upstream:track)%00%(upstream:remotename)%00%(upstream:remoteref) refs/heads/main refs/remotes/main [2ms]
2023-10-08 13:48:36.191 [info] > git status -z -uall [7ms]
2023-10-08 13:48:36.192 [info] > git for-each-ref --sort -committerdate --format %(refname) %(objectname) %(*objectname) [2ms]
2023-10-08 13:48:38.301 [info] > git check-ignore -v -z --stdin [1ms]
2023-10-08 13:48:41.272 [info] > git config --get commit.template [2ms]
2023-10-08 13:48:41.370 [info] > git for-each-ref --format=%(refname)%00%(upstream:short)%00%(objectname)%00%(upstream:track)%00%(upstream:remotename)%00%(upstream:remoteref) refs/heads/main refs/remotes/main [90ms]
2023-10-08 13:48:41.386 [info] > git status -z -uall [8ms]
2023-10-08 13:48:41.387 [info] > git for-each-ref --sort -committerdate --format %(refname) %(objectname) %(*objectname) [2ms]
2023-10-08 13:48:42.789 [info] > git show --textconv :start_job.py [15ms]
2023-10-08 13:48:42.789 [info] > git ls-files --stage -- /mnt/code/start_job.py [4ms]
2023-10-08 13:48:42.870 [info] > git cat-file -s 4b67f87dfc91a9aeec08ebba68e25766c16dcb01 [2ms]
2023-10-08 13:48:46.489 [info] > git config --get commit.template [12ms]
2023-10-08 13:48:46.489 [info] > git for-each-ref --format=%(refname)%00%(upstream:short)%00%(objectname)%00%(upstream:track)%00%(upstream:remotename)%00%(upstream:remoteref) refs/heads/main refs/remotes/main [1ms]
2023-10-08 13:48:46.573 [info] > git status -z -uall [74ms]
2023-10-08 13:48:46.574 [info] > git for-each-ref --sort -committerdate --format %(refname) %(objectname) %(*objectname) [2ms]
2023-10-08 13:48:51.625 [info] > git config --get commit.template [12ms]
2023-10-08 13:48:51.625 [info] > git for-each-ref --format=%(refname)%00%(upstream:short)%00%(objectname)%00%(upstream:track)%00%(upstream:remotename)%00%(upstream:remoteref) refs/heads/main refs/remotes/main [1ms]
2023-10-08 13:48:51.646 [info] > git status -z -uall [11ms]
2023-10-08 13:48:51.647 [info] > git for-each-ref --sort -committerdate --format %(refname) %(objectname) %(*objectname) [1ms]
2023-10-08 13:48:56.673 [info] > git config --get commit.template [11ms]
2023-10-08 13:48:56.674 [info] > git for-each-ref --format=%(refname)%00%(upstream:short)%00%(objectname)%00%(upstream:track)%00%(upstream:remotename)%00%(upstream:remoteref) refs/heads/main refs/remotes/main [2ms]
2023-10-08 13:48:56.693 [info] > git status -z -uall [9ms]
2023-10-08 13:48:56.693 [info] > git for-each-ref --sort -committerdate --format %(refname) %(objectname) %(*objectname) [1ms]
2023-10-08 13:49:01.718 [info] > git config --get commit.template [10ms]
2023-10-08 13:49:01.718 [info] > git for-each-ref --format=%(refname)%00%(upstream:short)%00%(objectname)%00%(upstream:track)%00%(upstream:remotename)%00%(upstream:remoteref) refs/heads/main refs/remotes/main [1ms]
2023-10-08 13:49:01.737 [info] > git status -z -uall [10ms]
2023-10-08 13:49:01.738 [info] > git for-each-ref --sort -committerdate --format %(refname) %(objectname) %(*objectname) [2ms]
2023-10-08 13:49:06.763 [info] > git config --get commit.template [10ms]
2023-10-08 13:49:06.764 [info] > git for-each-ref --format=%(refname)%00%(upstream:short)%00%(objectname)%00%(upstream:track)%00%(upstream:remotename)%00%(upstream:remoteref) refs/heads/main refs/remotes/main [1ms]
2023-10-08 13:49:06.782 [info] > git status -z -uall [9ms]
2023-10-08 13:49:06.783 [info] > git for-each-ref --sort -committerdate --format %(refname) %(objectname) %(*objectname) [1ms]
2023-10-08 13:49:11.809 [info] > git config --get commit.template [10ms]
2023-10-08 13:49:11.809 [info] > git for-each-ref --format=%(refname)%00%(upstream:short)%00%(objectname)%00%(upstream:track)%00%(upstream:remotename)%00%(upstream:remoteref) refs/heads/main refs/remotes/main [1ms]
2023-10-08 13:49:11.827 [info] > git status -z -uall [9ms]
2023-10-08 13:49:11.828 [info] > git for-each-ref --sort -committerdate --format %(refname) %(objectname) %(*objectname) [1ms]
2023-10-08 13:49:16.854 [info] > git config --get commit.template [11ms]
2023-10-08 13:49:16.855 [info] > git for-each-ref --format=%(refname)%00%(upstream:short)%00%(objectname)%00%(upstream:track)%00%(upstream:remotename)%00%(upstream:remoteref) refs/heads/main refs/remotes/main [1ms]
2023-10-08 13:49:16.874 [info] > git status -z -uall [10ms]
2023-10-08 13:49:16.875 [info] > git for-each-ref --sort -committerdate --format %(refname) %(objectname) %(*objectname) [1ms]
2023-10-08 13:49:21.900 [info] > git config --get commit.template [11ms]
2023-10-08 13:49:21.901 [info] > git for-each-ref --format=%(refname)%00%(upstream:short)%00%(objectname)%00%(upstream:track)%00%(upstream:remotename)%00%(upstream:remoteref) refs/heads/main refs/remotes/main [1ms]
2023-10-08 13:49:21.919 [info] > git status -z -uall [9ms]
2023-10-08 13:49:21.920 [info] > git for-each-ref --sort -committerdate --format %(refname) %(objectname) %(*objectname) [1ms]
2023-10-08 13:49:26.947 [info] > git config --get commit.template [11ms]
2023-10-08 13:49:26.948 [info] > git for-each-ref --format=%(refname)%00%(upstream:short)%00%(objectname)%00%(upstream:track)%00%(upstream:remotename)%00%(upstream:remoteref) refs/heads/main refs/remotes/main [2ms]
2023-10-08 13:49:26.966 [info] > git status -z -uall [10ms]
2023-10-08 13:49:26.967 [info] > git for-each-ref --sort -committerdate --format %(refname) %(objectname) %(*objectname) [2ms]
2023-10-08 13:49:31.987 [info] > git config --get commit.template [8ms]
2023-10-08 13:49:31.988 [info] > git for-each-ref --format=%(refname)%00%(upstream:short)%00%(objectname)%00%(upstream:track)%00%(upstream:remotename)%00%(upstream:remoteref) refs/heads/main refs/remotes/main [2ms]
2023-10-08 13:49:32.003 [info] > git status -z -uall [8ms]
2023-10-08 13:49:32.004 [info] > git for-each-ref --sort -committerdate --format %(refname) %(objectname) %(*objectname) [1ms]
2023-10-08 13:49:37.024 [info] > git config --get commit.template [7ms]
2023-10-08 13:49:37.024 [info] > git for-each-ref --format=%(refname)%00%(upstream:short)%00%(objectname)%00%(upstream:track)%00%(upstream:remotename)%00%(upstream:remoteref) refs/heads/main refs/remotes/main [1ms]
2023-10-08 13:49:37.038 [info] > git status -z -uall [8ms]
2023-10-08 13:49:37.039 [info] > git for-each-ref --sort -committerdate --format %(refname) %(objectname) %(*objectname) [2ms]
2023-10-08 13:49:42.059 [info] > git config --get commit.template [9ms]
2023-10-08 13:49:42.059 [info] > git for-each-ref --format=%(refname)%00%(upstream:short)%00%(objectname)%00%(upstream:track)%00%(upstream:remotename)%00%(upstream:remoteref) refs/heads/main refs/remotes/main [1ms]
2023-10-08 13:49:42.073 [info] > git status -z -uall [7ms]
2023-10-08 13:49:42.074 [info] > git for-each-ref --sort -committerdate --format %(refname) %(objectname) %(*objectname) [2ms]
2023-10-08 13:49:47.094 [info] > git config --get commit.template [7ms]
2023-10-08 13:49:47.095 [info] > git for-each-ref --format=%(refname)%00%(upstream:short)%00%(objectname)%00%(upstream:track)%00%(upstream:remotename)%00%(upstream:remoteref) refs/heads/main refs/remotes/main [1ms]
2023-10-08 13:49:47.109 [info] > git status -z -uall [7ms]
2023-10-08 13:49:47.110 [info] > git for-each-ref --sort -committerdate --format %(refname) %(objectname) %(*objectname) [1ms]
2023-10-08 13:49:52.122 [info] > git config --get commit.template [1ms]
2023-10-08 13:49:52.130 [info] > git for-each-ref --format=%(refname)%00%(upstream:short)%00%(objectname)%00%(upstream:track)%00%(upstream:remotename)%00%(upstream:remoteref) refs/heads/main refs/remotes/main [1ms]
2023-10-08 13:49:52.145 [info] > git status -z -uall [8ms]
2023-10-08 13:49:52.146 [info] > git for-each-ref --sort -committerdate --format %(refname) %(objectname) %(*objectname) [1ms]
2023-10-08 13:49:57.168 [info] > git config --get commit.template [7ms]
2023-10-08 13:49:57.168 [info] > git for-each-ref --format=%(refname)%00%(upstream:short)%00%(objectname)%00%(upstream:track)%00%(upstream:remotename)%00%(upstream:remoteref) refs/heads/main refs/remotes/main [1ms]
2023-10-08 13:49:57.182 [info] > git status -z -uall [7ms]
2023-10-08 13:49:57.183 [info] > git for-each-ref --sort -committerdate --format %(refname) %(objectname) %(*objectname) [1ms]
2023-10-08 13:50:02.196 [info] > git config --get commit.template [1ms]
2023-10-08 13:50:02.204 [info] > git for-each-ref --format=%(refname)%00%(upstream:short)%00%(objectname)%00%(upstream:track)%00%(upstream:remotename)%00%(upstream:remoteref) refs/heads/main refs/remotes/main [1ms]
2023-10-08 13:50:02.218 [info] > git status -z -uall [7ms]
2023-10-08 13:50:02.220 [info] > git for-each-ref --sort -committerdate --format %(refname) %(objectname) %(*objectname) [3ms]
2023-10-08 13:50:07.242 [info] > git config --get commit.template [8ms]
2023-10-08 13:50:07.243 [info] > git for-each-ref --format=%(refname)%00%(upstream:short)%00%(objectname)%00%(upstream:track)%00%(upstream:remotename)%00%(upstream:remoteref) refs/heads/main refs/remotes/main [1ms]
2023-10-08 13:50:07.260 [info] > git status -z -uall [10ms]
2023-10-08 13:50:07.261 [info] > git for-each-ref --sort -committerdate --format %(refname) %(objectname) %(*objectname) [1ms]
2023-10-08 13:50:12.273 [info] > git config --get commit.template [2ms]
2023-10-08 13:50:12.281 [info] > git for-each-ref --format=%(refname)%00%(upstream:short)%00%(objectname)%00%(upstream:track)%00%(upstream:remotename)%00%(upstream:remoteref) refs/heads/main refs/remotes/main [2ms]
2023-10-08 13:50:12.296 [info] > git status -z -uall [9ms]
2023-10-08 13:50:12.296 [info] > git for-each-ref --sort -committerdate --format %(refname) %(objectname) %(*objectname) [2ms]
2023-10-08 13:50:17.317 [info] > git config --get commit.template [9ms]
2023-10-08 13:50:17.318 [info] > git for-each-ref --format=%(refname)%00%(upstream:short)%00%(objectname)%00%(upstream:track)%00%(upstream:remotename)%00%(upstream:remoteref) refs/heads/main refs/remotes/main [1ms]
2023-10-08 13:50:17.332 [info] > git status -z -uall [8ms]
2023-10-08 13:50:17.333 [info] > git for-each-ref --sort -committerdate --format %(refname) %(objectname) %(*objectname) [2ms]
2023-10-08 13:50:22.352 [info] > git config --get commit.template [7ms]
2023-10-08 13:50:22.353 [info] > git for-each-ref --format=%(refname)%00%(upstream:short)%00%(objectname)%00%(upstream:track)%00%(upstream:remotename)%00%(upstream:remoteref) refs/heads/main refs/remotes/main [1ms]
2023-10-08 13:50:22.367 [info] > git status -z -uall [8ms]
2023-10-08 13:50:22.368 [info] > git for-each-ref --sort -committerdate --format %(refname) %(objectname) %(*objectname) [1ms]
2023-10-08 13:50:27.388 [info] > git config --get commit.template [8ms]
2023-10-08 13:50:27.388 [info] > git for-each-ref --format=%(refname)%00%(upstream:short)%00%(objectname)%00%(upstream:track)%00%(upstream:remotename)%00%(upstream:remoteref) refs/heads/main refs/remotes/main [1ms]
2023-10-08 13:50:27.401 [info] > git status -z -uall [7ms]
2023-10-08 13:50:27.403 [info] > git for-each-ref --sort -committerdate --format %(refname) %(objectname) %(*objectname) [1ms]
2023-10-08 13:50:32.422 [info] > git config --get commit.template [7ms]
2023-10-08 13:50:32.423 [info] > git for-each-ref --format=%(refname)%00%(upstream:short)%00%(objectname)%00%(upstream:track)%00%(upstream:remotename)%00%(upstream:remoteref) refs/heads/main refs/remotes/main [2ms]
2023-10-08 13:50:32.436 [info] > git status -z -uall [8ms]
2023-10-08 13:50:32.436 [info] > git for-each-ref --sort -committerdate --format %(refname) %(objectname) %(*objectname) [1ms]
2023-10-08 13:50:37.457 [info] > git config --get commit.template [8ms]
2023-10-08 13:50:37.458 [info] > git for-each-ref --format=%(refname)%00%(upstream:short)%00%(objectname)%00%(upstream:track)%00%(upstream:remotename)%00%(upstream:remoteref) refs/heads/main refs/remotes/main [2ms]
2023-10-08 13:50:37.471 [info] > git status -z -uall [7ms]
2023-10-08 13:50:37.472 [info] > git for-each-ref --sort -committerdate --format %(refname) %(objectname) %(*objectname) [1ms]
2023-10-08 13:50:42.491 [info] > git config --get commit.template [7ms]
2023-10-08 13:50:42.492 [info] > git for-each-ref --format=%(refname)%00%(upstream:short)%00%(objectname)%00%(upstream:track)%00%(upstream:remotename)%00%(upstream:remoteref) refs/heads/main refs/remotes/main [1ms]
2023-10-08 13:50:42.505 [info] > git status -z -uall [7ms]
2023-10-08 13:50:42.506 [info] > git for-each-ref --sort -committerdate --format %(refname) %(objectname) %(*objectname) [1ms]
2023-10-08 13:50:47.524 [info] > git config --get commit.template [7ms]
2023-10-08 13:50:47.525 [info] > git for-each-ref --format=%(refname)%00%(upstream:short)%00%(objectname)%00%(upstream:track)%00%(upstream:remotename)%00%(upstream:remoteref) refs/heads/main refs/remotes/main [2ms]
2023-10-08 13:50:47.539 [info] > git status -z -uall [8ms]
2023-10-08 13:50:47.539 [info] > git for-each-ref --sort -committerdate --format %(refname) %(objectname) %(*objectname) [1ms]
2023-10-08 13:50:52.563 [info] > git config --get commit.template [9ms]
2023-10-08 13:50:52.564 [info] > git for-each-ref --format=%(refname)%00%(upstream:short)%00%(objectname)%00%(upstream:track)%00%(upstream:remotename)%00%(upstream:remoteref) refs/heads/main refs/remotes/main [1ms]
2023-10-08 13:50:52.577 [info] > git status -z -uall [7ms]
2023-10-08 13:50:52.578 [info] > git for-each-ref --sort -committerdate --format %(refname) %(objectname) %(*objectname) [1ms]
2023-10-08 13:50:57.596 [info] > git config --get commit.template [7ms]
2023-10-08 13:50:57.597 [info] > git for-each-ref --format=%(refname)%00%(upstream:short)%00%(objectname)%00%(upstream:track)%00%(upstream:remotename)%00%(upstream:remoteref) refs/heads/main refs/remotes/main [1ms]
2023-10-08 13:50:57.609 [info] > git status -z -uall [6ms]
2023-10-08 13:50:57.610 [info] > git for-each-ref --sort -committerdate --format %(refname) %(objectname) %(*objectname) [1ms]
2023-10-08 13:51:02.630 [info] > git config --get commit.template [7ms]
2023-10-08 13:51:02.631 [info] > git for-each-ref --format=%(refname)%00%(upstream:short)%00%(objectname)%00%(upstream:track)%00%(upstream:remotename)%00%(upstream:remoteref) refs/heads/main refs/remotes/main [1ms]
2023-10-08 13:51:02.643 [info] > git status -z -uall [6ms]
2023-10-08 13:51:02.646 [info] > git for-each-ref --sort -committerdate --format %(refname) %(objectname) %(*objectname) [3ms]
2023-10-08 13:51:07.664 [info] > git config --get commit.template [7ms]
2023-10-08 13:51:07.664 [info] > git for-each-ref --format=%(refname)%00%(upstream:short)%00%(objectname)%00%(upstream:track)%00%(upstream:remotename)%00%(upstream:remoteref) refs/heads/main refs/remotes/main [1ms]
2023-10-08 13:51:07.678 [info] > git status -z -uall [7ms]
2023-10-08 13:51:07.679 [info] > git for-each-ref --sort -committerdate --format %(refname) %(objectname) %(*objectname) [1ms]
2023-10-08 13:51:12.697 [info] > git config --get commit.template [7ms]
2023-10-08 13:51:12.697 [info] > git for-each-ref --format=%(refname)%00%(upstream:short)%00%(objectname)%00%(upstream:track)%00%(upstream:remotename)%00%(upstream:remoteref) refs/heads/main refs/remotes/main [1ms]
2023-10-08 13:51:12.712 [info] > git status -z -uall [9ms]
2023-10-08 13:51:12.712 [info] > git for-each-ref --sort -committerdate --format %(refname) %(objectname) %(*objectname) [1ms]
2023-10-08 13:51:17.731 [info] > git config --get commit.template [8ms]
2023-10-08 13:51:17.731 [info] > git for-each-ref --format=%(refname)%00%(upstream:short)%00%(objectname)%00%(upstream:track)%00%(upstream:remotename)%00%(upstream:remoteref) refs/heads/main refs/remotes/main [1ms]
2023-10-08 13:51:17.744 [info] > git status -z -uall [7ms]
2023-10-08 13:51:17.745 [info] > git for-each-ref --sort -committerdate --format %(refname) %(objectname) %(*objectname) [2ms]
2023-10-08 13:51:22.757 [info] > git config --get commit.template [2ms]
2023-10-08 13:51:22.765 [info] > git for-each-ref --format=%(refname)%00%(upstream:short)%00%(objectname)%00%(upstream:track)%00%(upstream:remotename)%00%(upstream:remoteref) refs/heads/main refs/remotes/main [2ms]
2023-10-08 13:51:22.777 [info] > git status -z -uall [6ms]
2023-10-08 13:51:22.778 [info] > git for-each-ref --sort -committerdate --format %(refname) %(objectname) %(*objectname) [1ms]
2023-10-08 13:51:27.795 [info] > git config --get commit.template [7ms]
2023-10-08 13:51:27.796 [info] > git for-each-ref --format=%(refname)%00%(upstream:short)%00%(objectname)%00%(upstream:track)%00%(upstream:remotename)%00%(upstream:remoteref) refs/heads/main refs/remotes/main [1ms]
2023-10-08 13:51:27.809 [info] > git status -z -uall [7ms]
2023-10-08 13:51:27.809 [info] > git for-each-ref --sort -committerdate --format %(refname) %(objectname) %(*objectname) [1ms]
2023-10-08 13:51:32.828 [info] > git config --get commit.template [7ms]
2023-10-08 13:51:32.828 [info] > git for-each-ref --format=%(refname)%00%(upstream:short)%00%(objectname)%00%(upstream:track)%00%(upstream:remotename)%00%(upstream:remoteref) refs/heads/main refs/remotes/main [1ms]
2023-10-08 13:51:32.842 [info] > git status -z -uall [8ms]
2023-10-08 13:51:32.842 [info] > git for-each-ref --sort -committerdate --format %(refname) %(objectname) %(*objectname) [1ms]
2023-10-08 13:51:37.860 [info] > git config --get commit.template [7ms]
2023-10-08 13:51:37.861 [info] > git for-each-ref --format=%(refname)%00%(upstream:short)%00%(objectname)%00%(upstream:track)%00%(upstream:remotename)%00%(upstream:remoteref) refs/heads/main refs/remotes/main [1ms]
2023-10-08 13:51:37.874 [info] > git status -z -uall [7ms]
2023-10-08 13:51:37.875 [info] > git for-each-ref --sort -committerdate --format %(refname) %(objectname) %(*objectname) [1ms]
2023-10-08 13:51:42.892 [info] > git config --get commit.template [7ms]
2023-10-08 13:51:42.893 [info] > git for-each-ref --format=%(refname)%00%(upstream:short)%00%(objectname)%00%(upstream:track)%00%(upstream:remotename)%00%(upstream:remoteref) refs/heads/main refs/remotes/main [1ms]
2023-10-08 13:51:42.906 [info] > git status -z -uall [7ms]
2023-10-08 13:51:42.907 [info] > git for-each-ref --sort -committerdate --format %(refname) %(objectname) %(*objectname) [1ms]
2023-10-08 13:51:47.926 [info] > git config --get commit.template [7ms]
2023-10-08 13:51:47.926 [info] > git for-each-ref --format=%(refname)%00%(upstream:short)%00%(objectname)%00%(upstream:track)%00%(upstream:remotename)%00%(upstream:remoteref) refs/heads/main refs/remotes/main [1ms]
2023-10-08 13:51:47.940 [info] > git status -z -uall [7ms]
2023-10-08 13:51:47.941 [info] > git for-each-ref --sort -committerdate --format %(refname) %(objectname) %(*objectname) [1ms]
2023-10-08 13:51:52.959 [info] > git config --get commit.template [7ms]
2023-10-08 13:51:52.960 [info] > git for-each-ref --format=%(refname)%00%(upstream:short)%00%(objectname)%00%(upstream:track)%00%(upstream:remotename)%00%(upstream:remoteref) refs/heads/main refs/remotes/main [2ms]
2023-10-08 13:51:52.973 [info] > git status -z -uall [7ms]
2023-10-08 13:51:52.974 [info] > git for-each-ref --sort -committerdate --format %(refname) %(objectname) %(*objectname) [1ms]
2023-10-08 13:51:57.992 [info] > git config --get commit.template [8ms]
2023-10-08 13:51:57.993 [info] > git for-each-ref --format=%(refname)%00%(upstream:short)%00%(objectname)%00%(upstream:track)%00%(upstream:remotename)%00%(upstream:remoteref) refs/heads/main refs/remotes/main [2ms]
2023-10-08 13:51:58.005 [info] > git status -z -uall [6ms]
2023-10-08 13:51:58.006 [info] > git for-each-ref --sort -committerdate --format %(refname) %(objectname) %(*objectname) [1ms]
2023-10-08 13:52:03.024 [info] > git config --get commit.template [7ms]
2023-10-08 13:52:03.025 [info] > git for-each-ref --format=%(refname)%00%(upstream:short)%00%(objectname)%00%(upstream:track)%00%(upstream:remotename)%00%(upstream:remoteref) refs/heads/main refs/remotes/main [2ms]
2023-10-08 13:52:03.038 [info] > git status -z -uall [7ms]
2023-10-08 13:52:03.039 [info] > git for-each-ref --sort -committerdate --format %(refname) %(objectname) %(*objectname) [2ms]
2023-10-08 13:52:08.058 [info] > git config --get commit.template [7ms]
2023-10-08 13:52:08.059 [info] > git for-each-ref --format=%(refname)%00%(upstream:short)%00%(objectname)%00%(upstream:track)%00%(upstream:remotename)%00%(upstream:remoteref) refs/heads/main refs/remotes/main [1ms]
2023-10-08 13:52:08.073 [info] > git status -z -uall [8ms]
2023-10-08 13:52:08.074 [info] > git for-each-ref --sort -committerdate --format %(refname) %(objectname) %(*objectname) [2ms]
2023-10-08 13:52:13.093 [info] > git config --get commit.template [7ms]
2023-10-08 13:52:13.093 [info] > git for-each-ref --format=%(refname)%00%(upstream:short)%00%(objectname)%00%(upstream:track)%00%(upstream:remotename)%00%(upstream:remoteref) refs/heads/main refs/remotes/main [1ms]
2023-10-08 13:52:13.108 [info] > git status -z -uall [8ms]
2023-10-08 13:52:13.109 [info] > git for-each-ref --sort -committerdate --format %(refname) %(objectname) %(*objectname) [1ms]
2023-10-08 13:52:18.127 [info] > git config --get commit.template [7ms]
2023-10-08 13:52:18.128 [info] > git for-each-ref --format=%(refname)%00%(upstream:short)%00%(objectname)%00%(upstream:track)%00%(upstream:remotename)%00%(upstream:remoteref) refs/heads/main refs/remotes/main [2ms]
2023-10-08 13:52:18.142 [info] > git status -z -uall [8ms]
2023-10-08 13:52:18.142 [info] > git for-each-ref --sort -committerdate --format %(refname) %(objectname) %(*objectname) [1ms]
2023-10-08 13:52:23.161 [info] > git config --get commit.template [7ms]
2023-10-08 13:52:23.162 [info] > git for-each-ref --format=%(refname)%00%(upstream:short)%00%(objectname)%00%(upstream:track)%00%(upstream:remotename)%00%(upstream:remoteref) refs/heads/main refs/remotes/main [1ms]
2023-10-08 13:52:23.176 [info] > git status -z -uall [8ms]
2023-10-08 13:52:23.177 [info] > git for-each-ref --sort -committerdate --format %(refname) %(objectname) %(*objectname) [2ms]
2023-10-08 13:52:28.196 [info] > git config --get commit.template [7ms]
2023-10-08 13:52:28.196 [info] > git for-each-ref --format=%(refname)%00%(upstream:short)%00%(objectname)%00%(upstream:track)%00%(upstream:remotename)%00%(upstream:remoteref) refs/heads/main refs/remotes/main [1ms]
2023-10-08 13:52:28.210 [info] > git status -z -uall [7ms]
2023-10-08 13:52:28.211 [info] > git for-each-ref --sort -committerdate --format %(refname) %(objectname) %(*objectname) [1ms]
2023-10-08 13:52:33.229 [info] > git config --get commit.template [8ms]
2023-10-08 13:52:33.229 [info] > git for-each-ref --format=%(refname)%00%(upstream:short)%00%(objectname)%00%(upstream:track)%00%(upstream:remotename)%00%(upstream:remoteref) refs/heads/main refs/remotes/main [1ms]
2023-10-08 13:52:33.243 [info] > git status -z -uall [8ms]
2023-10-08 13:52:33.244 [info] > git for-each-ref --sort -committerdate --format %(refname) %(objectname) %(*objectname) [1ms]
2023-10-08 13:52:38.262 [info] > git config --get commit.template [7ms]
2023-10-08 13:52:38.263 [info] > git for-each-ref --format=%(refname)%00%(upstream:short)%00%(objectname)%00%(upstream:track)%00%(upstream:remotename)%00%(upstream:remoteref) refs/heads/main refs/remotes/main [2ms]
2023-10-08 13:52:38.275 [info] > git status -z -uall [7ms]
2023-10-08 13:52:38.276 [info] > git for-each-ref --sort -committerdate --format %(refname) %(objectname) %(*objectname) [1ms]
2023-10-08 13:52:43.296 [info] > git config --get commit.template [8ms]
2023-10-08 13:52:43.296 [info] > git for-each-ref --format=%(refname)%00%(upstream:short)%00%(objectname)%00%(upstream:track)%00%(upstream:remotename)%00%(upstream:remoteref) refs/heads/main refs/remotes/main [1ms]
2023-10-08 13:52:43.310 [info] > git status -z -uall [7ms]
2023-10-08 13:52:43.311 [info] > git for-each-ref --sort -committerdate --format %(refname) %(objectname) %(*objectname) [2ms]
2023-10-08 13:52:54.186 [info] > git config --get commit.template [13ms]
2023-10-08 13:52:54.187 [info] > git for-each-ref --format=%(refname)%00%(upstream:short)%00%(objectname)%00%(upstream:track)%00%(upstream:remotename)%00%(upstream:remoteref) refs/heads/main refs/remotes/main [2ms]
2023-10-08 13:52:54.273 [info] > git status -z -uall [7ms]
2023-10-08 13:52:54.274 [info] > git for-each-ref --sort -committerdate --format %(refname) %(objectname) %(*objectname) [2ms]
2023-10-08 13:52:59.292 [info] > git config --get commit.template [7ms]
2023-10-08 13:52:59.293 [info] > git for-each-ref --format=%(refname)%00%(upstream:short)%00%(objectname)%00%(upstream:track)%00%(upstream:remotename)%00%(upstream:remoteref) refs/heads/main refs/remotes/main [1ms]
2023-10-08 13:52:59.307 [info] > git status -z -uall [8ms]
2023-10-08 13:52:59.308 [info] > git for-each-ref --sort -committerdate --format %(refname) %(objectname) %(*objectname) [1ms]
2023-10-08 13:53:04.325 [info] > git config --get commit.template [8ms]
2023-10-08 13:53:04.326 [info] > git for-each-ref --format=%(refname)%00%(upstream:short)%00%(objectname)%00%(upstream:track)%00%(upstream:remotename)%00%(upstream:remoteref) refs/heads/main refs/remotes/main [2ms]
2023-10-08 13:53:04.338 [info] > git status -z -uall [7ms]
2023-10-08 13:53:04.339 [info] > git for-each-ref --sort -committerdate --format %(refname) %(objectname) %(*objectname) [1ms]
2023-10-08 13:53:09.357 [info] > git config --get commit.template [7ms]
2023-10-08 13:53:09.358 [info] > git for-each-ref --format=%(refname)%00%(upstream:short)%00%(objectname)%00%(upstream:track)%00%(upstream:remotename)%00%(upstream:remoteref) refs/heads/main refs/remotes/main [2ms]
2023-10-08 13:53:09.371 [info] > git status -z -uall [7ms]
2023-10-08 13:53:09.371 [info] > git for-each-ref --sort -committerdate --format %(refname) %(objectname) %(*objectname) [1ms]
2023-10-08 13:53:14.389 [info] > git config --get commit.template [7ms]
2023-10-08 13:53:14.390 [info] > git for-each-ref --format=%(refname)%00%(upstream:short)%00%(objectname)%00%(upstream:track)%00%(upstream:remotename)%00%(upstream:remoteref) refs/heads/main refs/remotes/main [1ms]
2023-10-08 13:53:14.403 [info] > git status -z -uall [7ms]
2023-10-08 13:53:14.404 [info] > git for-each-ref --sort -committerdate --format %(refname) %(objectname) %(*objectname) [1ms]
2023-10-08 13:53:19.424 [info] > git config --get commit.template [7ms]
2023-10-08 13:53:19.424 [info] > git for-each-ref --format=%(refname)%00%(upstream:short)%00%(objectname)%00%(upstream:track)%00%(upstream:remotename)%00%(upstream:remoteref) refs/heads/main refs/remotes/main [1ms]
2023-10-08 13:53:19.440 [info] > git status -z -uall [9ms]
2023-10-08 13:53:19.441 [info] > git for-each-ref --sort -committerdate --format %(refname) %(objectname) %(*objectname) [2ms]
2023-10-08 13:53:24.461 [info] > git config --get commit.template [7ms]
2023-10-08 13:53:24.461 [info] > git for-each-ref --format=%(refname)%00%(upstream:short)%00%(objectname)%00%(upstream:track)%00%(upstream:remotename)%00%(upstream:remoteref) refs/heads/main refs/remotes/main [1ms]
2023-10-08 13:53:24.475 [info] > git status -z -uall [7ms]
2023-10-08 13:53:24.476 [info] > git for-each-ref --sort -committerdate --format %(refname) %(objectname) %(*objectname) [1ms]
2023-10-08 13:53:29.496 [info] > git config --get commit.template [7ms]
2023-10-08 13:53:29.496 [info] > git for-each-ref --format=%(refname)%00%(upstream:short)%00%(objectname)%00%(upstream:track)%00%(upstream:remotename)%00%(upstream:remoteref) refs/heads/main refs/remotes/main [1ms]
2023-10-08 13:53:29.510 [info] > git status -z -uall [8ms]
2023-10-08 13:53:29.511 [info] > git for-each-ref --sort -committerdate --format %(refname) %(objectname) %(*objectname) [2ms]
2023-10-08 13:53:34.531 [info] > git config --get commit.template [8ms]
2023-10-08 13:53:34.531 [info] > git for-each-ref --format=%(refname)%00%(upstream:short)%00%(objectname)%00%(upstream:track)%00%(upstream:remotename)%00%(upstream:remoteref) refs/heads/main refs/remotes/main [1ms]
2023-10-08 13:53:34.545 [info] > git status -z -uall [7ms]
2023-10-08 13:53:34.546 [info] > git for-each-ref --sort -committerdate --format %(refname) %(objectname) %(*objectname) [2ms]
2023-10-08 13:53:39.565 [info] > git config --get commit.template [7ms]
2023-10-08 13:53:39.566 [info] > git for-each-ref --format=%(refname)%00%(upstream:short)%00%(objectname)%00%(upstream:track)%00%(upstream:remotename)%00%(upstream:remoteref) refs/heads/main refs/remotes/main [2ms]
2023-10-08 13:53:39.578 [info] > git status -z -uall [6ms]
2023-10-08 13:53:39.579 [info] > git for-each-ref --sort -committerdate --format %(refname) %(objectname) %(*objectname) [1ms]
2023-10-08 13:53:44.597 [info] > git config --get commit.template [7ms]
2023-10-08 13:53:44.598 [info] > git for-each-ref --format=%(refname)%00%(upstream:short)%00%(objectname)%00%(upstream:track)%00%(upstream:remotename)%00%(upstream:remoteref) refs/heads/main refs/remotes/main [1ms]
2023-10-08 13:53:44.612 [info] > git status -z -uall [7ms]
2023-10-08 13:53:44.613 [info] > git for-each-ref --sort -committerdate --format %(refname) %(objectname) %(*objectname) [2ms]
2023-10-08 13:53:49.634 [info] > git for-each-ref --format=%(refname)%00%(upstream:short)%00%(objectname)%00%(upstream:track)%00%(upstream:remotename)%00%(upstream:remoteref) refs/heads/main refs/remotes/main [2ms]
2023-10-08 13:53:49.634 [info] > git config --get commit.template [10ms]
2023-10-08 13:53:49.651 [info] > git status -z -uall [10ms]
2023-10-08 13:53:49.651 [info] > git for-each-ref --sort -committerdate --format %(refname) %(objectname) %(*objectname) [3ms]
2023-10-08 13:53:54.669 [info] > git config --get commit.template [7ms]
2023-10-08 13:53:54.669 [info] > git for-each-ref --format=%(refname)%00%(upstream:short)%00%(objectname)%00%(upstream:track)%00%(upstream:remotename)%00%(upstream:remoteref) refs/heads/main refs/remotes/main [2ms]
2023-10-08 13:53:54.681 [info] > git status -z -uall [6ms]
2023-10-08 13:53:54.682 [info] > git for-each-ref --sort -committerdate --format %(refname) %(objectname) %(*objectname) [1ms]
2023-10-08 13:53:59.700 [info] > git config --get commit.template [8ms]
2023-10-08 13:53:59.701 [info] > git for-each-ref --format=%(refname)%00%(upstream:short)%00%(objectname)%00%(upstream:track)%00%(upstream:remotename)%00%(upstream:remoteref) refs/heads/main refs/remotes/main [1ms]
2023-10-08 13:53:59.713 [info] > git status -z -uall [6ms]
2023-10-08 13:53:59.714 [info] > git for-each-ref --sort -committerdate --format %(refname) %(objectname) %(*objectname) [1ms]
2023-10-08 13:54:04.733 [info] > git config --get commit.template [8ms]
2023-10-08 13:54:04.733 [info] > git for-each-ref --format=%(refname)%00%(upstream:short)%00%(objectname)%00%(upstream:track)%00%(upstream:remotename)%00%(upstream:remoteref) refs/heads/main refs/remotes/main [1ms]
2023-10-08 13:54:04.750 [info] > git status -z -uall [10ms]
2023-10-08 13:54:04.751 [info] > git for-each-ref --sort -committerdate --format %(refname) %(objectname) %(*objectname) [2ms]
2023-10-08 13:55:06.155 [info] > git config --get commit.template [7ms]
2023-10-08 13:55:06.155 [info] > git for-each-ref --format=%(refname)%00%(upstream:short)%00%(objectname)%00%(upstream:track)%00%(upstream:remotename)%00%(upstream:remoteref) refs/heads/main refs/remotes/main [1ms]
2023-10-08 13:55:06.170 [info] > git status -z -uall [9ms]
2023-10-08 13:55:06.170 [info] > git for-each-ref --sort -committerdate --format %(refname) %(objectname) %(*objectname) [1ms]
2023-10-08 13:55:11.190 [info] > git config --get commit.template [8ms]
2023-10-08 13:55:11.191 [info] > git for-each-ref --format=%(refname)%00%(upstream:short)%00%(objectname)%00%(upstream:track)%00%(upstream:remotename)%00%(upstream:remoteref) refs/heads/main refs/remotes/main [2ms]
2023-10-08 13:55:11.204 [info] > git status -z -uall [7ms]
2023-10-08 13:55:11.205 [info] > git for-each-ref --sort -committerdate --format %(refname) %(objectname) %(*objectname) [2ms]
2023-10-08 13:55:16.224 [info] > git config --get commit.template [8ms]
2023-10-08 13:55:16.225 [info] > git for-each-ref --format=%(refname)%00%(upstream:short)%00%(objectname)%00%(upstream:track)%00%(upstream:remotename)%00%(upstream:remoteref) refs/heads/main refs/remotes/main [2ms]
2023-10-08 13:55:16.241 [info] > git status -z -uall [9ms]
2023-10-08 13:55:16.242 [info] > git for-each-ref --sort -committerdate --format %(refname) %(objectname) %(*objectname) [2ms]
2023-10-08 13:55:21.254 [info] > git config --get commit.template [2ms]
2023-10-08 13:55:21.262 [info] > git for-each-ref --format=%(refname)%00%(upstream:short)%00%(objectname)%00%(upstream:track)%00%(upstream:remotename)%00%(upstream:remoteref) refs/heads/main refs/remotes/main [2ms]
2023-10-08 13:55:21.275 [info] > git status -z -uall [7ms]
2023-10-08 13:55:21.276 [info] > git for-each-ref --sort -committerdate --format %(refname) %(objectname) %(*objectname) [1ms]
2023-10-08 13:55:26.294 [info] > git config --get commit.template [7ms]
2023-10-08 13:55:26.296 [info] > git for-each-ref --format=%(refname)%00%(upstream:short)%00%(objectname)%00%(upstream:track)%00%(upstream:remotename)%00%(upstream:remoteref) refs/heads/main refs/remotes/main [1ms]
2023-10-08 13:55:26.308 [info] > git status -z -uall [6ms]
2023-10-08 13:55:26.309 [info] > git for-each-ref --sort -committerdate --format %(refname) %(objectname) %(*objectname) [1ms]
2023-10-08 13:55:31.327 [info] > git config --get commit.template [7ms]
2023-10-08 13:55:31.328 [info] > git for-each-ref --format=%(refname)%00%(upstream:short)%00%(objectname)%00%(upstream:track)%00%(upstream:remotename)%00%(upstream:remoteref) refs/heads/main refs/remotes/main [2ms]
2023-10-08 13:55:31.342 [info] > git status -z -uall [7ms]
2023-10-08 13:55:31.342 [info] > git for-each-ref --sort -committerdate --format %(refname) %(objectname) %(*objectname) [1ms]
2023-10-08 13:55:36.360 [info] > git config --get commit.template [7ms]
2023-10-08 13:55:36.361 [info] > git for-each-ref --format=%(refname)%00%(upstream:short)%00%(objectname)%00%(upstream:track)%00%(upstream:remotename)%00%(upstream:remoteref) refs/heads/main refs/remotes/main [1ms]
2023-10-08 13:55:36.375 [info] > git status -z -uall [8ms]
2023-10-08 13:55:36.375 [info] > git for-each-ref --sort -committerdate --format %(refname) %(objectname) %(*objectname) [1ms]
2023-10-08 13:55:41.394 [info] > git config --get commit.template [7ms]
2023-10-08 13:55:41.395 [info] > git for-each-ref --format=%(refname)%00%(upstream:short)%00%(objectname)%00%(upstream:track)%00%(upstream:remotename)%00%(upstream:remoteref) refs/heads/main refs/remotes/main [2ms]
2023-10-08 13:55:41.408 [info] > git status -z -uall [7ms]
2023-10-08 13:55:41.409 [info] > git for-each-ref --sort -committerdate --format %(refname) %(objectname) %(*objectname) [1ms]
2023-10-08 13:55:46.427 [info] > git config --get commit.template [7ms]
2023-10-08 13:55:46.428 [info] > git for-each-ref --format=%(refname)%00%(upstream:short)%00%(objectname)%00%(upstream:track)%00%(upstream:remotename)%00%(upstream:remoteref) refs/heads/main refs/remotes/main [1ms]
2023-10-08 13:55:46.442 [info] > git status -z -uall [8ms]
2023-10-08 13:55:46.442 [info] > git for-each-ref --sort -committerdate --format %(refname) %(objectname) %(*objectname) [1ms]
2023-10-08 13:55:51.462 [info] > git config --get commit.template [8ms]
2023-10-08 13:55:51.462 [info] > git for-each-ref --format=%(refname)%00%(upstream:short)%00%(objectname)%00%(upstream:track)%00%(upstream:remotename)%00%(upstream:remoteref) refs/heads/main refs/remotes/main [1ms]
2023-10-08 13:55:51.476 [info] > git status -z -uall [7ms]
2023-10-08 13:55:51.477 [info] > git for-each-ref --sort -committerdate --format %(refname) %(objectname) %(*objectname) [1ms]
2023-10-08 13:55:56.497 [info] > git config --get commit.template [8ms]
2023-10-08 13:55:56.497 [info] > git for-each-ref --format=%(refname)%00%(upstream:short)%00%(objectname)%00%(upstream:track)%00%(upstream:remotename)%00%(upstream:remoteref) refs/heads/main refs/remotes/main [1ms]
2023-10-08 13:55:56.510 [info] > git status -z -uall [7ms]
2023-10-08 13:55:56.511 [info] > git for-each-ref --sort -committerdate --format %(refname) %(objectname) %(*objectname) [1ms]
2023-10-08 13:56:01.531 [info] > git config --get commit.template [8ms]
2023-10-08 13:56:01.531 [info] > git for-each-ref --format=%(refname)%00%(upstream:short)%00%(objectname)%00%(upstream:track)%00%(upstream:remotename)%00%(upstream:remoteref) refs/heads/main refs/remotes/main [1ms]
2023-10-08 13:56:01.546 [info] > git status -z -uall [8ms]
2023-10-08 13:56:01.547 [info] > git for-each-ref --sort -committerdate --format %(refname) %(objectname) %(*objectname) [1ms]
2023-10-08 13:56:06.565 [info] > git config --get commit.template [7ms]
2023-10-08 13:56:06.566 [info] > git for-each-ref --format=%(refname)%00%(upstream:short)%00%(objectname)%00%(upstream:track)%00%(upstream:remotename)%00%(upstream:remoteref) refs/heads/main refs/remotes/main [1ms]
2023-10-08 13:56:06.582 [info] > git status -z -uall [9ms]
2023-10-08 13:56:06.583 [info] > git for-each-ref --sort -committerdate --format %(refname) %(objectname) %(*objectname) [1ms]
2023-10-08 13:56:11.601 [info] > git config --get commit.template [7ms]
2023-10-08 13:56:11.601 [info] > git for-each-ref --format=%(refname)%00%(upstream:short)%00%(objectname)%00%(upstream:track)%00%(upstream:remotename)%00%(upstream:remoteref) refs/heads/main refs/remotes/main [2ms]
2023-10-08 13:56:11.614 [info] > git status -z -uall [7ms]
2023-10-08 13:56:11.615 [info] > git for-each-ref --sort -committerdate --format %(refname) %(objectname) %(*objectname) [1ms]
2023-10-08 13:56:16.633 [info] > git config --get commit.template [7ms]
2023-10-08 13:56:16.633 [info] > git for-each-ref --format=%(refname)%00%(upstream:short)%00%(objectname)%00%(upstream:track)%00%(upstream:remotename)%00%(upstream:remoteref) refs/heads/main refs/remotes/main [1ms]
2023-10-08 13:56:16.647 [info] > git status -z -uall [8ms]
2023-10-08 13:56:16.648 [info] > git for-each-ref --sort -committerdate --format %(refname) %(objectname) %(*objectname) [1ms]
2023-10-08 13:56:21.666 [info] > git config --get commit.template [6ms]
2023-10-08 13:56:21.666 [info] > git for-each-ref --format=%(refname)%00%(upstream:short)%00%(objectname)%00%(upstream:track)%00%(upstream:remotename)%00%(upstream:remoteref) refs/heads/main refs/remotes/main [1ms]
2023-10-08 13:56:21.679 [info] > git status -z -uall [7ms]
2023-10-08 13:56:21.680 [info] > git for-each-ref --sort -committerdate --format %(refname) %(objectname) %(*objectname) [1ms]
2023-10-08 13:56:44.574 [info] > git config --get commit.template [8ms]
2023-10-08 13:56:44.575 [info] > git for-each-ref --format=%(refname)%00%(upstream:short)%00%(objectname)%00%(upstream:track)%00%(upstream:remotename)%00%(upstream:remoteref) refs/heads/main refs/remotes/main [1ms]
2023-10-08 13:56:44.588 [info] > git status -z -uall [7ms]
2023-10-08 13:56:44.589 [info] > git for-each-ref --sort -committerdate --format %(refname) %(objectname) %(*objectname) [1ms]
2023-10-08 13:56:49.608 [info] > git config --get commit.template [8ms]
2023-10-08 13:56:49.609 [info] > git for-each-ref --format=%(refname)%00%(upstream:short)%00%(objectname)%00%(upstream:track)%00%(upstream:remotename)%00%(upstream:remoteref) refs/heads/main refs/remotes/main [1ms]
2023-10-08 13:56:49.623 [info] > git status -z -uall [8ms]
2023-10-08 13:56:49.624 [info] > git for-each-ref --sort -committerdate --format %(refname) %(objectname) %(*objectname) [1ms]
2023-10-08 13:56:54.642 [info] > git config --get commit.template [7ms]
2023-10-08 13:56:54.643 [info] > git for-each-ref --format=%(refname)%00%(upstream:short)%00%(objectname)%00%(upstream:track)%00%(upstream:remotename)%00%(upstream:remoteref) refs/heads/main refs/remotes/main [1ms]
2023-10-08 13:56:54.657 [info] > git status -z -uall [8ms]
2023-10-08 13:56:54.658 [info] > git for-each-ref --sort -committerdate --format %(refname) %(objectname) %(*objectname) [2ms]
2023-10-08 13:56:59.677 [info] > git config --get commit.template [7ms]
2023-10-08 13:56:59.677 [info] > git for-each-ref --format=%(refname)%00%(upstream:short)%00%(objectname)%00%(upstream:track)%00%(upstream:remotename)%00%(upstream:remoteref) refs/heads/main refs/remotes/main [1ms]
2023-10-08 13:56:59.691 [info] > git status -z -uall [7ms]
2023-10-08 13:56:59.692 [info] > git for-each-ref --sort -committerdate --format %(refname) %(objectname) %(*objectname) [1ms]
2023-10-08 13:57:04.710 [info] > git config --get commit.template [7ms]
2023-10-08 13:57:04.711 [info] > git for-each-ref --format=%(refname)%00%(upstream:short)%00%(objectname)%00%(upstream:track)%00%(upstream:remotename)%00%(upstream:remoteref) refs/heads/main refs/remotes/main [1ms]
2023-10-08 13:57:04.724 [info] > git status -z -uall [7ms]
2023-10-08 13:57:04.725 [info] > git for-each-ref --sort -committerdate --format %(refname) %(objectname) %(*objectname) [1ms]
2023-10-08 13:57:09.743 [info] > git config --get commit.template [7ms]
2023-10-08 13:57:09.744 [info] > git for-each-ref --format=%(refname)%00%(upstream:short)%00%(objectname)%00%(upstream:track)%00%(upstream:remotename)%00%(upstream:remoteref) refs/heads/main refs/remotes/main [2ms]
2023-10-08 13:57:09.758 [info] > git status -z -uall [8ms]
2023-10-08 13:57:09.758 [info] > git for-each-ref --sort -committerdate --format %(refname) %(objectname) %(*objectname) [1ms]
2023-10-08 13:57:13.356 [info] > git check-ignore -v -z --stdin [1ms]
2023-10-08 13:57:14.776 [info] > git config --get commit.template [7ms]
2023-10-08 13:57:14.777 [info] > git for-each-ref --format=%(refname)%00%(upstream:short)%00%(objectname)%00%(upstream:track)%00%(upstream:remotename)%00%(upstream:remoteref) refs/heads/main refs/remotes/main [2ms]
2023-10-08 13:57:14.790 [info] > git status -z -uall [6ms]
2023-10-08 13:57:14.791 [info] > git for-each-ref --sort -committerdate --format %(refname) %(objectname) %(*objectname) [1ms]
2023-10-08 13:57:19.812 [info] > git config --get commit.template [8ms]
2023-10-08 13:57:19.813 [info] > git for-each-ref --format=%(refname)%00%(upstream:short)%00%(objectname)%00%(upstream:track)%00%(upstream:remotename)%00%(upstream:remoteref) refs/heads/main refs/remotes/main [1ms]
2023-10-08 13:57:19.826 [info] > git status -z -uall [7ms]
2023-10-08 13:57:19.827 [info] > git for-each-ref --sort -committerdate --format %(refname) %(objectname) %(*objectname) [2ms]
2023-10-08 13:57:24.844 [info] > git config --get commit.template [7ms]
2023-10-08 13:57:24.845 [info] > git for-each-ref --format=%(refname)%00%(upstream:short)%00%(objectname)%00%(upstream:track)%00%(upstream:remotename)%00%(upstream:remoteref) refs/heads/main refs/remotes/main [1ms]
2023-10-08 13:57:24.858 [info] > git status -z -uall [8ms]
2023-10-08 13:57:24.859 [info] > git for-each-ref --sort -committerdate --format %(refname) %(objectname) %(*objectname) [1ms]
2023-10-08 13:57:29.879 [info] > git config --get commit.template [7ms]
2023-10-08 13:57:29.880 [info] > git for-each-ref --format=%(refname)%00%(upstream:short)%00%(objectname)%00%(upstream:track)%00%(upstream:remotename)%00%(upstream:remoteref) refs/heads/main refs/remotes/main [2ms]
2023-10-08 13:57:29.892 [info] > git status -z -uall [7ms]
2023-10-08 13:57:29.893 [info] > git for-each-ref --sort -committerdate --format %(refname) %(objectname) %(*objectname) [1ms]
2023-10-08 13:57:34.944 [info] > git config --get commit.template [37ms]
2023-10-08 13:57:34.945 [info] > git for-each-ref --format=%(refname)%00%(upstream:short)%00%(objectname)%00%(upstream:track)%00%(upstream:remotename)%00%(upstream:remoteref) refs/heads/main refs/remotes/main [1ms]
2023-10-08 13:57:34.959 [info] > git status -z -uall [7ms]
2023-10-08 13:57:34.960 [info] > git for-each-ref --sort -committerdate --format %(refname) %(objectname) %(*objectname) [1ms]
2023-10-08 13:57:39.979 [info] > git config --get commit.template [7ms]
2023-10-08 13:57:39.980 [info] > git for-each-ref --format=%(refname)%00%(upstream:short)%00%(objectname)%00%(upstream:track)%00%(upstream:remotename)%00%(upstream:remoteref) refs/heads/main refs/remotes/main [1ms]
2023-10-08 13:57:39.993 [info] > git status -z -uall [6ms]
2023-10-08 13:57:39.994 [info] > git for-each-ref --sort -committerdate --format %(refname) %(objectname) %(*objectname) [1ms]
2023-10-08 13:57:45.012 [info] > git config --get commit.template [7ms]
2023-10-08 13:57:45.013 [info] > git for-each-ref --format=%(refname)%00%(upstream:short)%00%(objectname)%00%(upstream:track)%00%(upstream:remotename)%00%(upstream:remoteref) refs/heads/main refs/remotes/main [2ms]
2023-10-08 13:57:45.027 [info] > git status -z -uall [8ms]
2023-10-08 13:57:45.028 [info] > git for-each-ref --sort -committerdate --format %(refname) %(objectname) %(*objectname) [2ms]
2023-10-08 13:57:50.046 [info] > git config --get commit.template [8ms]
2023-10-08 13:57:50.047 [info] > git for-each-ref --format=%(refname)%00%(upstream:short)%00%(objectname)%00%(upstream:track)%00%(upstream:remotename)%00%(upstream:remoteref) refs/heads/main refs/remotes/main [1ms]
2023-10-08 13:57:50.061 [info] > git status -z -uall [8ms]
2023-10-08 13:57:50.062 [info] > git for-each-ref --sort -committerdate --format %(refname) %(objectname) %(*objectname) [1ms]
2023-10-08 13:57:55.080 [info] > git config --get commit.template [7ms]
2023-10-08 13:57:55.080 [info] > git for-each-ref --format=%(refname)%00%(upstream:short)%00%(objectname)%00%(upstream:track)%00%(upstream:remotename)%00%(upstream:remoteref) refs/heads/main refs/remotes/main [1ms]
2023-10-08 13:57:55.093 [info] > git status -z -uall [7ms]
2023-10-08 13:57:55.094 [info] > git for-each-ref --sort -committerdate --format %(refname) %(objectname) %(*objectname) [1ms]
2023-10-08 13:58:00.106 [info] > git config --get commit.template [1ms]
2023-10-08 13:58:00.115 [info] > git for-each-ref --format=%(refname)%00%(upstream:short)%00%(objectname)%00%(upstream:track)%00%(upstream:remotename)%00%(upstream:remoteref) refs/heads/main refs/remotes/main [2ms]
2023-10-08 13:58:00.129 [info] > git status -z -uall [8ms]
2023-10-08 13:58:00.129 [info] > git for-each-ref --sort -committerdate --format %(refname) %(objectname) %(*objectname) [1ms]
2023-10-08 13:58:05.150 [info] > git config --get commit.template [7ms]
2023-10-08 13:58:05.150 [info] > git for-each-ref --format=%(refname)%00%(upstream:short)%00%(objectname)%00%(upstream:track)%00%(upstream:remotename)%00%(upstream:remoteref) refs/heads/main refs/remotes/main [1ms]
2023-10-08 13:58:05.163 [info] > git status -z -uall [7ms]
2023-10-08 13:58:05.164 [info] > git for-each-ref --sort -committerdate --format %(refname) %(objectname) %(*objectname) [2ms]
2023-10-08 13:58:10.184 [info] > git config --get commit.template [8ms]
2023-10-08 13:58:10.184 [info] > git for-each-ref --format=%(refname)%00%(upstream:short)%00%(objectname)%00%(upstream:track)%00%(upstream:remotename)%00%(upstream:remoteref) refs/heads/main refs/remotes/main [1ms]
2023-10-08 13:58:10.198 [info] > git status -z -uall [8ms]
2023-10-08 13:58:10.199 [info] > git for-each-ref --sort -committerdate --format %(refname) %(objectname) %(*objectname) [1ms]
2023-10-08 13:58:15.216 [info] > git config --get commit.template [7ms]
2023-10-08 13:58:15.217 [info] > git for-each-ref --format=%(refname)%00%(upstream:short)%00%(objectname)%00%(upstream:track)%00%(upstream:remotename)%00%(upstream:remoteref) refs/heads/main refs/remotes/main [1ms]
2023-10-08 13:58:15.231 [info] > git status -z -uall [8ms]
2023-10-08 13:58:15.231 [info] > git for-each-ref --sort -committerdate --format %(refname) %(objectname) %(*objectname) [1ms]
