2023-10-08 13:47:34.562 [info] Log level: Info
2023-10-08 13:47:34.563 [info] Validating found git in: "git"
2023-10-08 13:47:34.563 [info] Using git "2.42.0" from "git"
2023-10-08 13:47:34.563 [info] > git rev-parse --show-toplevel [4ms]
2023-10-08 13:47:34.563 [info] > git rev-parse --git-dir --git-common-dir [1ms]
2023-10-08 13:47:34.563 [info] Open repository: /mnt/code
2023-10-08 13:47:34.563 [info] > git rev-parse --show-toplevel [7ms]
2023-10-08 13:47:34.563 [info] > git config --get commit.template [6ms]
2023-10-08 13:47:34.563 [info] > git for-each-ref --format=%(refname)%00%(upstream:short)%00%(objectname)%00%(upstream:track)%00%(upstream:remotename)%00%(upstream:remoteref) refs/heads/main refs/remotes/main [6ms]
2023-10-08 13:47:34.563 [info] > git status -z -uall [29ms]
2023-10-08 13:47:34.563 [info] > git for-each-ref --sort -committerdate --format %(refname) %(objectname) %(*objectname) [3ms]
2023-10-08 13:47:34.563 [info] > git config --get commit.template [7ms]
2023-10-08 13:47:34.563 [info] > git for-each-ref --format=%(refname)%00%(upstream:short)%00%(objectname)%00%(upstream:track)%00%(upstream:remotename)%00%(upstream:remoteref) refs/heads/main refs/remotes/main [2ms]
2023-10-08 13:47:34.563 [info] > git status -z -uall [48ms]
2023-10-08 13:47:34.563 [info] > git for-each-ref --sort -committerdate --format %(refname) %(objectname) %(*objectname) [43ms]
2023-10-08 13:47:34.896 [info] > git check-ignore -v -z --stdin [2ms]
2023-10-08 13:47:38.300 [info] > git config --get commit.template [7ms]
2023-10-08 13:47:38.300 [info] > git for-each-ref --format=%(refname)%00%(upstream:short)%00%(objectname)%00%(upstream:track)%00%(upstream:remotename)%00%(upstream:remoteref) refs/heads/main refs/remotes/main [1ms]
2023-10-08 13:47:38.311 [info] > git status -z -uall [6ms]
2023-10-08 13:47:38.312 [info] > git for-each-ref --sort -committerdate --format %(refname) %(objectname) %(*objectname) [2ms]
